<?xml version="1.0" encoding="UTF-8"?>
<!-- Generated by org.testng.reporters.JUnitReportReporter -->
<testsuite name="a_flipkart_gradle.Login_Suite" tests="2" time="51.538" ignored="0" failures="0" timestamp="16 Dec 2019 16:06:48 GMT" skipped="0" hostname="Sudip" errors="0">
  <testcase name="login" time="25.139" classname="a_flipkart_gradle.Login_Suite"/>
  <testcase name="failedlogin" time="26.399" classname="a_flipkart_gradle.Login_Suite"/>
</testsuite> <!-- a_flipkart_gradle.Login_Suite -->
